{"numTotalTestSuites":2,"numPassedTestSuites":0,"numFailedTestSuites":2,"numPendingTestSuites":0,"numTotalTests":1,"numPassedTests":0,"numFailedTests":1,"numPendingTests":0,"numTodoTests":0,"snapshot":{"added":0,"failure":false,"filesAdded":0,"filesRemoved":0,"filesRemovedList":[],"filesUnmatched":0,"filesUpdated":0,"matched":0,"total":0,"unchecked":0,"uncheckedKeysByFile":[],"unmatched":0,"updated":0,"didUpdate":false},"startTime":1772057247542,"success":false,"testResults":[{"assertionResults":[{"ancestorTitles":["PlayerCard Component"],"fullName":"PlayerCard Component renders player total rating and nickname","status":"failed","title":"renders player total rating and nickname","duration":184.78710000000046,"failureMessages":["TestingLibraryElementError: Found multiple elements with the text: 800\n\nHere are the matching elements:\n\nIgnored nodes: comments, script, style\n\u001b[36m<span\u001b[39m\n  \u001b[33mclass\u001b[39m=\u001b[32m\"text-xl sm:text-2xl font-black leading-none drop-shadow-[0_0_10px_rgba(255,255,255,0.3)] text-cyan-300\"\u001b[39m\n\u001b[36m>\u001b[39m\n  \u001b[0m800\u001b[0m\n\u001b[36m</span>\u001b[39m\n\nIgnored nodes: comments, script, style\n\u001b[36m<span\u001b[39m\n  \u001b[33mclass\u001b[39m=\u001b[32m\"text-[6px] font-black text-cyan-400\"\u001b[39m\n\u001b[36m>\u001b[39m\n  \u001b[0m800\u001b[0m\n\u001b[36m</span>\u001b[39m\n\n(If this is intentional, then use the `*AllBy*` variant of the query (like `queryAllByText`, `getAllByText`, or `findAllByText`)).\n\nIgnored nodes: comments, script, style\n\u001b[36m<body>\u001b[39m\n  \u001b[36m<div>\u001b[39m\n    \u001b[36m<div\u001b[39m\n      \u001b[33mclass\u001b[39m=\u001b[32m\"relative w-full aspect-[1/1.8] rounded-xl border bg-gradient-to-br from-cyan-900/80 to-fuchsia-900/80 border-cyan-400/50 shadow-[0_0_15px_rgba(34,211,238,0.2)] cursor-pointer hover:scale-[1.03] transition-transform overflow-hidden flex flex-col justify-between p-1.5 sm:p-2 backdrop-blur-md\"\u001b[39m\n    \u001b[36m>\u001b[39m\n      \u001b[36m<div\u001b[39m\n        \u001b[33mclass\u001b[39m=\u001b[32m\"absolute inset-0 z-0 opacity-100 mix-blend-normal overflow-hidden flex items-center justify-center\"\u001b[39m\n      \u001b[36m>\u001b[39m\n        \u001b[36m<div\u001b[39m\n          \u001b[33mclass\u001b[39m=\u001b[32m\"relative overflow-hidden rounded-xl w-64 h-64 w-full h-full object-contain bg-slate-900/20\"\u001b[39m\n        \u001b[36m>\u001b[39m\n          \u001b[36m<img\u001b[39m\n            \u001b[33malt\u001b[39m=\u001b[32m\"Body\"\u001b[39m\n            \u001b[33mclass\u001b[39m=\u001b[32m\"absolute inset-0 w-full h-full object-contain z-10\"\u001b[39m\n            \u001b[33msrc\u001b[39m=\u001b[32m\"/assetas/avatars/bodies/body_m_1.png\"\u001b[39m\n          \u001b[36m/>\u001b[39m\n          \u001b[36m<img\u001b[39m\n            \u001b[33malt\u001b[39m=\u001b[32m\"Uniform\"\u001b[39m\n            \u001b[33mclass\u001b[39m=\u001b[32m\"absolute inset-0 w-full h-full object-contain z-20\"\u001b[39m\n            \u001b[33msrc\u001b[39m=\u001b[32m\"/assetas/avatars/uniforms/uniform_cyan.png\"\u001b[39m\n          \u001b[36m/>\u001b[39m\n          \u001b[36m<img\u001b[39m\n            \u001b[33malt\u001b[39m=\u001b[32m\"Hair\"\u001b[39m\n            \u001b[33mclass\u001b[39m=\u001b[32m\"absolute inset-0 w-full h-full object-contain z-30\"\u001b[39m\n            \u001b[33msrc\u001b[39m=\u001b[32m\"/assetas/avatars/hair/hair_1.png\"\u001b[39m\n          \u001b[36m/>\u001b[39m\n          \u001b[36m<img\u001b[39m\n            \u001b[33malt\u001b[39m=\u001b[32m\"Boots\"\u001b[39m\n            \u001b[33msrc\u001b[39m=\u001b[32m\"/assetas/avatars/boots/boot_1.png\"\u001b[39m\n            \u001b[33mstyle\u001b[39m=\u001b[32m\"position: absolute; bottom: 5%; left: 45%; width: 59%; height: auto; transform: translateX(-50%); object-fit: contain; z-index: 100; pointer-events: none;\"\u001b[39m\n          \u001b[36m/>\u001b[39m\n        \u001b[36m</div>\u001b[39m\n      \u001b[36m</div>\u001b[39m\n      \u001b[36m<div\u001b[39m\n        \u001b[33mclass\u001b[39m=\u001b[32m\"absolute inset-0 z-10 bg-gradient-to-t from-black/80 via-transparent to-transparent pointer-events-none\"\u001b[39m\n      \u001b[36m/>\u001b[39m\n      \u001b[36m<div\u001b[39m\n        \u001b[33mclass\u001b[39m=\u001b[32m\"relative z-20 flex justify-between items-start\"\u001b[39m\n      \u001b[36m>\u001b[39m\n        \u001b[36m<div\u001b[39m\n          \u001b[33mclass\u001b[39m=\u001b[32m\"flex flex-col items-center\"\u001b[39m\n        \u001b[36m>\u001b[39m\n          \u001b[36m<span\u001b[39m\n            \u001b[33mclass\u001b[39m=\u001b[32m\"text-xl sm:text-2xl font-black leading-none drop-shadow-[0_0_10px_rgba(255,255,255,0.3)] text-cyan-300\"\u001b[39m\n          \u001b[36m>\u001b[39m\n            \u001b[0m800\u001b[0m\n          \u001b[36m</span>\u001b[39m\n          \u001b[36m<div\u001b[39m\n            \u001b[33mclass\u001b[39m=\u001b[32m\"flex flex-col items-center\"\u001b[39m\n          \u001b[36m>\u001b[39m\n            \u001b[36m<span\u001b[39m\n              \u001b[33mclass\u001b[39m=\u001b[32m\"text-[7px] sm:text-[8px] font-bold uppercase tracking-widest text-white/80 mt-0.5\"\u001b[39m\n            \u001b[36m>\u001b[39m\n              \u001b[0mATA\u001b[0m\n            \u001b[36m</span>\u001b[39m\n            \u001b[36m<svg\u001b[39m\n              \u001b[33maria-hidden\u001b[39m=\u001b[32m\"true\"\u001b[39m\n              \u001b[33mclass\u001b[39m=\u001b[32m\"lucide lucide-mars text-blue-400 mt-0.5\"\u001b[39m\n              \u001b[33mfill\u001b[39m=\u001b[32m\"none\"\u001b[39m\n              \u001b[33mheight\u001b[39m=\u001b[32m\"10\"\u001b[39m\n              \u001b[33mstroke\u001b[39m=\u001b[32m\"currentColor\"\u001b[39m\n              \u001b[33mstroke-linecap\u001b[39m=\u001b[32m\"round\"\u001b[39m\n              \u001b[33mstroke-linejoin\u001b[39m=\u001b[32m\"round\"\u001b[39m\n              \u001b[33mstroke-width\u001b[39m=\u001b[32m\"2\"\u001b[39m\n              \u001b[33mviewBox\u001b[39m=\u001b[32m\"0 0 24 24\"\u001b[39m\n              \u001b[33mwidth\u001b[39m=\u001b[32m\"10\"\u001b[39m\n              \u001b[33mxmlns\u001b[39m=\u001b[32m\"http://www.w3.org/2000/svg\"\u001b[39m\n            \u001b[36m>\u001b[39m\n              \u001b[36m<path\u001b[39m\n                \u001b[33md\u001b[39m=\u001b[32m\"M16 3h5v5\"\u001b[39m\n              \u001b[36m/>\u001b[39m\n              \u001b[36m<path\u001b[39m\n                \u001b[33md\u001b[39m=\u001b[32m\"m21 3-6.75 6.75\"\u001b[39m\n              \u001b[36m/>\u001b[39m\n              \u001b[36m<circle\u001b[39m\n                \u001b[33mcx\u001b[39m=\u001b[32m\"10\"\u001b[39m\n                \u001b[33mcy\u001b[39m=\u001b[32m\"14\"\u001b[39m\n                \u001b[33mr\u001b[39m=\u001b[32m\"6\"\u001b[39m\n              \u001b[36m/>\u001b[39m\n            \u001b[36m</svg>\u001b[39m\n          \u001b[36m</div>\u001b[39m\n        \u001b[36m</div>\u001b[39m\n        \u001b[36m<div\u001b[39m\n          \u001b[33mclass\u001b[39m=\u001b[32m\"text-right flex flex-col items-end gap-1\"\u001b[39m\n        \u001b[36m>\u001b[39m\n          \u001b[36m<div\u001b[39m\n            \u001b[33mclass\u001b[39m=\u001b[32m\"flex items-center gap-2\"\u001b[39m\n          \u001b[36m>\u001b[39m\n            \u001b[36m<span\u001b[39m\n              \u001b[33mclass\u001b[39m=\u001b[32m\"text-[6px] sm:text-[7px] font-mono text-white/50 bg-black/40 px-1 py-0.5 rounded-lg border border-white/10\"\u001b[39m\n            \u001b[36m>\u001b[39m\n              \u001b[0m#\u001b[0m\n              \u001b[0m123\u001b[0m\n            \u001b[36m</span>\u001b[39m\n          \u001b[36m</div>\u001b[39m\n          \u001b[36m<div\u001b[39m\n            \u001b[33mclass\u001b[39m=\u001b[32m\"flex gap-1\"\u001b[39m\n          \u001b[36m>\u001b[39m\n            \u001b[36m<div\u001b[39m\n              \u001b[33mclass\u001b[39m=\u001b[32m\"inline-block px-1.5 py-0.5 mt-0.5 rounded-lg text-[6px] sm:text-[7px] uppercase tracking-widest font-bold border bg-cyan-950 text-cyan-400 border-cyan-500/30\"\u001b[39m\n            \u001b[36m>\u001b[39m\n              \u001b[0mNORTE\u001b[0m\n            \u001b[36m</div>\u001b[39m\n          \u001b[36m</div>\u001b[39m\n        \u001b[36m</div>\u001b[39m\n      \u001b[36m</div>\u001b[39m\n      \u001b[36m<div\u001b[39m\n        \u001b[33mclass\u001b[39m=\u001b[32m\"absolute bottom-14 left-0 right-0 z-20 flex flex-col gap-1 px-1.5\"\u001b[39m\n      \u001b[36m>\u001b[39m\n        \u001b[36m<div\u001b[39m\n          \u001b[33mclass\u001b[39m=\u001b[32m\"bg-black/90 backdrop-blur-md border border-white/20 rounded-lg py-1 px-2 shadow-2xl mx-1.5 relative z-30 flex flex-col items-center\"\u001b[39m\n        \u001b[36m>\u001b[39m\n          \u001b[36m<h3\u001b[39m\n            \u001b[33mclass\u001b[39m=\u001b[32m\"text-[9px] sm:text-[11px] font-black leading-tight uppercase tracking-[0.2em] text-white text-center drop-shadow-lg truncate\"\u001b[39m\n          \u001b[36m>\u001b[39m\n            \u001b[0mJD\u001b[0m\n          \u001b[36m</h3>\u001b[39m\n          \u001b[36m<div\u001b[39m\n            \u001b[33mclass\u001b[39m=\u001b[32m\"mt-0.5 px-1.5 py-0.5 rounded-lg text-[6px] uppercase tracking-widest font-bold border bg-cyan-950 text-cyan-400 border-cyan-500/30 opacity-90\"\u001b[39m\n          \u001b[36m>\u001b[39m\n            \u001b[0mNORTE\u001b[0m\n          \u001b[36m</div>\u001b[39m\n        \u001b[36m</div>\u001b[39m\n        \u001b[36m<div\u001b[39m\n          \u001b[33mclass\u001b[39m=\u001b[32m\"flex flex-col gap-1.5 px-1 bg-black/60 backdrop-blur-md rounded-xl py-1.5 border border-white/10 mx-0.5 relative z-20\"\u001b[39m\n        \u001b[36m>\u001b[39m\n          \u001b[36m<div\u001b[39m\n            \u001b[33mclass\u001b[39m=\u001b[32m\"space-y-0.5\"\u001b[39m\n          \u001b[36m>\u001b[39m\n            \u001b[36m<div\u001b[39m\n              \u001b[33mclass\u001b[39m=\u001b[32m\"flex justify-between items-center px-1\"\u001b[39m\n            \u001b[36m>\u001b[39m\n              \u001b[36m<span\u001b[39m\n                \u001b[33mclass\u001b[39m=\u001b[32m\"text-[5px] sm:text-[6px] uppercase font-black text-cyan-400 flex items-center gap-0.5\"\u001b[39m\n              \u001b[36m>\u001b[39m\n                \u001b[36m<svg\u001b[39m\n                  \u001b[33maria-hidden\u001b[39m=\u001b[32m\"true\"\u001b[39m\n                  \u001b[33mclass\u001b[39m=\u001b[32m\"lucide lucide-zap\"\u001b[39m\n                  \u001b[33mfill\u001b[39m=\u001b[32m\"none\"\u001b[39m\n                  \u001b[33mheight\u001b[39m=\u001b[32m\"5\"\u001b[39m\n                  \u001b[33mstroke\u001b[39m=\u001b[32m\"currentColor\"\u001b[39m\n                  \u001b[33mstroke-linecap\u001b[39m=\u001b[32m\"round\"\u001b[39m\n                  \u001b[33mstroke-linejoin\u001b[39m=\u001b[32m\"round\"\u001b[39m\n                  \u001b[33mstroke-width\u001b[39m=\u001b[32m\"2\"\u001b[39m\n                  \u001b[33mviewBox\u001b[39m=\u001b[32m\"0 0 24 24\"\u001b[39m\n                  \u001b[33mwidth\u001b[39m=\u001b[32m\"5\"\u001b[39m\n                  \u001b[33mxmlns\u001b[39m=\u001b[32m\"http://www.w3.org/2000/svg\"\u001b[39m\n                \u001b[36m>\u001b[39m\n                  \u001b[36m<path\u001b[39m\n                    \u001b[33md\u001b[39m=\u001b[32m\"M4 14a1 1 0 0 1-.78-1.63l9.9-10.2a.5.5 0 0 1 .86.46l-1.92 6.02A1 1 0 0 0 13 10h7a1 1 0 0 1 .78 1.63l-9.9 10.2a.5.5 0 0 1-.86-.46l1.92-6.02A1 1 0 0 0 11 14z\"\u001b[39m\n                  \u001b[36m/>\u001b[39m\n                \u001b[36m</svg>\u001b[39m\n                \u001b[0m POWER\u001b[0m\n              \u001b[36m</span>\u001b[39m\n              \u001b[36m<span\u001b[39m\n                \u001b[33mclass\u001b[39m=\u001b[32m\"text-[6px] font-black text-cyan-400\"\u001b[39m\n              \u001b[36m>\u001b[39m\n                \u001b[0m800\u001b[0m\n              \u001b[36m</span>\u001b[39m\n            \u001b[36m</div>\u001b[39m\n            \u001b[36m<div\u001b[39m\n              \u001b[33mclass\u001b[39m=\u001b[32m\"h-0.5 bg-black/40 rounded-full overflow-hidden border border-white/5 relative\"\u001b[39m\n            \u001b[36m>\u001b[39m\n              \u001b[36m<div\u001b[39m\n                \u001b[33mclass\u001b[39m=\u001b[32m\"h-full rounded-full transition-all duration-1000 bg-gradient-to-r from-emerald-400 to-cyan-400\"\u001b[39m\n                \u001b[33mstyle\u001b[39m=\u001b[32m\"width: 80%;\"\u001b[39m\n              \u001b[36m/>\u001b[39m\n            \u001b[36m</div>\u001b[39m\n          \u001b[36m</div>\u001b[39m\n          \u001b[36m<div\u001b[39m\n            \u001b[33mclass\u001b[39m=\u001b[32m\"space-y-0.5\"\u001b[39m\n          \u001b[36m>\u001b[39m\n            \u001b[36m<div\u001b[39m\n              \u001b[33mclass\u001b[39m=\u001b[32m\"flex justify-between items-center px-1\"\u001b[39m\n            \u001b[36m>\u001b[39m\n              \u001b[36m<span\u001b[39m\n                \u001b[33mclass\u001b[39m=\u001b[32m\"text-[5px] sm:text-[6px] uppercase font-black text-amber-400 flex items-center gap-0.5\"\u001b[39m\n              \u001b[36m>\u001b[39m\n                \u001b[36m<svg\u001b[39m\n                  \u001b[33maria-hidden\u001b[39m=\u001b[32m\"true\"\u001b[39m\n                  \u001b[33mclass\u001b[39m=\u001b[32m\"lucide lucide-trophy\"\u001b[39m\n                  \u001b[33mfill\u001b[39m=\u001b[32m\"none\"\u001b[39m\n                  \u001b[33mheight\u001b[39m=\u001b[32m\"5\"\u001b[39m\n                  \u001b[33mstroke\u001b[39m=\u001b[32m\"currentColor\"\u001b[39m\n                  \u001b[33mstroke-linecap\u001b[39m=\u001b[32m\"round\"\u001b[39m\n                  \u001b[33mstroke-linejoin\u001b[39m=\u001b[32m\"round\"\u001b[39m\n                  \u001b[33mstroke-width\u001b[39m=\u001b[32m\"2\"\u001b[39m\n                  \u001b[33mviewBox\u001b[39m=\u001b[32m\"0 0 24 24\"\u001b[39m\n                  \u001b[33mwidth\u001b[39m=\u001b[32m\"5\"\u001b[39m\n                  \u001b[33mxmlns\u001b[39m=\u001b[32m\"http://www.w3.org/2000/svg\"\u001b[39m\n                \u001b[36m>\u001b[39m\n                  \u001b[36m<path\u001b[39m\n                    \u001b[33md\u001b[39m=\u001b[32m\"M10 14.66v1.626a2 2 0 0 1-.976 1.696A5 5 0 0 0 7 21.978\"\u001b[39m\n                  \u001b[36m/>\u001b[39m\n                  \u001b[36m<path\u001b[39m\n                    \u001b[33md\u001b[39m=\u001b[32m\"M14 14.66v1.626a2 2 0 0 0 .976 1.696A5 5 0 0 1 17 21.978\"\u001b[39m\n                  \u001b[36m/>\u001b[39m\n                  \u001b[36m<path\u001b[39m\n                    \u001b[33md\u001b[39m=\u001b[32m\"M18 9h1.5a1 1 0 0 0 0-5H18\"\u001b[39m\n                  \u001b[36m/>\u001b[39m\n                  \u001b[36m<path\u001b[39m\n                    \u001b[33md\u001b[39m=\u001b[32m\"M4 22h16\"\u001b[39m\n                  \u001b[36m/>\u001b[39m\n                  \u001b[36m<path\u001b[39m\n                    \u001b[33md\u001b[39m=\u001b[32m\"M6 9a6 6 0 0 0 12 0V3a1 1 0 0 0-1-1H7a1 1 0 0 0-1 1z\"\u001b[39m\n                  \u001b[36m/>\u001b[39m\n                  \u001b[36m<path\u001b[39m\n                    \u001b[33md\u001b[39m=\u001b[32m\"M6 9H4.5a1 1 0 0 1 0-5H6\"\u001b[39m\n                  \u001b[36m/>\u001b[39m\n                \u001b[36m</svg>\u001b[39m\n                \u001b[0m POTENTIAL\u001b[0m\n              \u001b[36m</span>\u001b[39m\n              \u001b[36m<span\u001b[39m\n                \u001b[33mclass\u001b[39m=\u001b[32m\"text-[6px] font-black text-amber-400\"\u001b[39m\n              \u001b[36m>\u001b[39m\n                \u001b[0m850\u001b[0m\n              \u001b[36m</span>\u001b[39m\n            \u001b[36m</div>\u001b[39m\n            \u001b[36m<div\u001b[39m\n              \u001b[33mclass\u001b[39m=\u001b[32m\"h-0.5 bg-black/40 rounded-full overflow-hidden border border-white/5 relative\"\u001b[39m\n            \u001b[36m>\u001b[39m\n              \u001b[36m<div\u001b[39m\n                \u001b[33mclass\u001b[39m=\u001b[32m\"h-full rounded-full transition-all duration-1000 bg-gradient-to-r from-amber-500 to-orange-400\"\u001b[39m\n                \u001b[33mstyle\u001b[39m=\u001b[32m\"width: 85%;\"\u001b[39m\n              \u001b[36m/>\u001b[39m\n            \u001b[36m</div>\u001b[39m\n          \u001b[36m</div>\u001b[39m\n        \u001b[36m</div>\u001b[39m\n      \u001b[36m</div>\u001b[39m\n    \u001b[36m</div>\u001b[39m\n  \u001b[36m</div>\u001b[39m\n\u001b[36m</body>\u001b[39m\n    at Object.getElementError (C:\\Users\\Afonso\\Downloads\\elite-2050\\node_modules\\@testing-library\\dom\\dist\\config.js:37:19)\n    at getElementError (C:\\Users\\Afonso\\Downloads\\elite-2050\\node_modules\\@testing-library\\dom\\dist\\query-helpers.js:20:35)\n    at getMultipleElementsFoundError (C:\\Users\\Afonso\\Downloads\\elite-2050\\node_modules\\@testing-library\\dom\\dist\\query-helpers.js:23:10)\n    at C:\\Users\\Afonso\\Downloads\\elite-2050\\node_modules\\@testing-library\\dom\\dist\\query-helpers.js:55:13\n    at C:\\Users\\Afonso\\Downloads\\elite-2050\\node_modules\\@testing-library\\dom\\dist\\query-helpers.js:95:19\n    at C:/Users/Afonso/Downloads/elite-2050/src/test/PlayerCard.test.tsx:58:23\n    at file:///C:/Users/Afonso/Downloads/elite-2050/node_modules/@vitest/runner/dist/index.js:145:11\n    at file:///C:/Users/Afonso/Downloads/elite-2050/node_modules/@vitest/runner/dist/index.js:915:26\n    at file:///C:/Users/Afonso/Downloads/elite-2050/node_modules/@vitest/runner/dist/index.js:1243:20\n    at new Promise (<anonymous>)"],"meta":{}}],"startTime":1772057252672,"endTime":1772057252856.787,"status":"failed","message":"","name":"C:/Users/Afonso/Downloads/elite-2050/src/test/PlayerCard.test.tsx"}]}